  Edge.cpp
  EdgeManager.cpp
c:\users\arkad\documents\deadshot files\c++ programs\sfml\projects\graph_toolkit\graph_toolkit\edgemanager.cpp(9): warning C4305: 'argument': truncation from 'double' to 'float'
c:\users\arkad\documents\deadshot files\c++ programs\sfml\projects\graph_toolkit\graph_toolkit\edgemanager.cpp(11): warning C4244: 'argument': conversion from 'float' to 'unsigned int', possible loss of data
c:\users\arkad\documents\deadshot files\c++ programs\sfml\projects\graph_toolkit\graph_toolkit\edgemanager.cpp(62): warning C4244: '=': conversion from 'double' to 'float', possible loss of data
c:\users\arkad\documents\deadshot files\c++ programs\sfml\projects\graph_toolkit\graph_toolkit\edgemanager.cpp(71): warning C4244: 'argument': conversion from 'float' to 'unsigned int', possible loss of data
c:\users\arkad\documents\deadshot files\c++ programs\sfml\projects\graph_toolkit\graph_toolkit\edgemanager.cpp(33): warning C4101: 'e': unreferenced local variable
c:\users\arkad\documents\deadshot files\c++ programs\sfml\projects\graph_toolkit\graph_toolkit\edgemanager.cpp(127): warning C4244: '=': conversion from 'double' to 'float', possible loss of data
c:\users\arkad\documents\deadshot files\c++ programs\sfml\projects\graph_toolkit\graph_toolkit\edgemanager.cpp(167): warning C4101: 'e': unreferenced local variable
c:\users\arkad\documents\deadshot files\c++ programs\sfml\projects\graph_toolkit\graph_toolkit\edgemanager.cpp(240): warning C4244: 'argument': conversion from 'float' to 'unsigned int', possible loss of data
  File_IO.cpp
  Vertex.cpp
c:\users\arkad\documents\deadshot files\c++ programs\sfml\projects\graph_toolkit\graph_toolkit\vertex.cpp(19): warning C4244: 'argument': conversion from 'int' to 'float', possible loss of data
  VertexManager.cpp
c:\users\arkad\documents\deadshot files\c++ programs\sfml\projects\graph_toolkit\graph_toolkit\vertexmanager.cpp(7): warning C4244: 'argument': conversion from 'float' to 'unsigned int', possible loss of data
c:\users\arkad\documents\deadshot files\c++ programs\sfml\projects\graph_toolkit\graph_toolkit\vertexmanager.cpp(25): warning C4244: 'argument': conversion from 'float' to 'unsigned int', possible loss of data
c:\users\arkad\documents\deadshot files\c++ programs\sfml\projects\graph_toolkit\graph_toolkit\vertexmanager.cpp(99): warning C4244: 'argument': conversion from 'T' to 'float', possible loss of data
          with
          [
              T=int
          ]
c:\users\arkad\documents\deadshot files\c++ programs\sfml\projects\graph_toolkit\graph_toolkit\vertexmanager.cpp(132): warning C4244: 'argument': conversion from 'float' to 'unsigned int', possible loss of data
  VisualizationManager.cpp
c:\users\arkad\documents\deadshot files\c++ programs\sfml\projects\graph_toolkit\graph_toolkit\visualizationmanager.hpp(12): warning C4305: 'initializing': truncation from 'double' to 'float'
c:\users\arkad\documents\deadshot files\c++ programs\sfml\projects\graph_toolkit\graph_toolkit\visualizationmanager.cpp(19): warning C4244: 'argument': conversion from 'float' to 'unsigned int', possible loss of data
c:\users\arkad\documents\deadshot files\c++ programs\sfml\projects\graph_toolkit\graph_toolkit\visualizationmanager.cpp(21): warning C4244: 'argument': conversion from 'float' to 'unsigned int', possible loss of data
  main.cpp
c:\users\arkad\documents\deadshot files\c++ programs\sfml\projects\graph_toolkit\graph_toolkit\visualizationmanager.hpp(12): warning C4305: 'initializing': truncation from 'double' to 'float'
c:\users\arkad\documents\deadshot files\c++ programs\sfml\projects\graph_toolkit\graph_toolkit\main.cpp(435): warning C4101: 'sInfo': unreferenced local variable
c:\users\arkad\documents\deadshot files\c++ programs\sfml\projects\graph_toolkit\graph_toolkit\main.cpp(583): warning C4302: 'type cast': truncation from 'const TCHAR *' to 'TCHAR'
c:\users\arkad\documents\deadshot files\c++ programs\sfml\projects\graph_toolkit\graph_toolkit\main.cpp(591): warning C4302: 'type cast': truncation from 'const TCHAR *' to 'TCHAR'
c:\users\arkad\documents\deadshot files\c++ programs\sfml\projects\graph_toolkit\graph_toolkit\main.cpp(599): warning C4302: 'type cast': truncation from 'const TCHAR *' to 'TCHAR'
c:\users\arkad\documents\deadshot files\c++ programs\sfml\projects\graph_toolkit\graph_toolkit\main.cpp(607): warning C4302: 'type cast': truncation from 'const TCHAR *' to 'TCHAR'
c:\users\arkad\documents\deadshot files\c++ programs\sfml\projects\graph_toolkit\graph_toolkit\main.cpp(624): warning C4302: 'type cast': truncation from 'const TCHAR *' to 'TCHAR'
c:\users\arkad\documents\deadshot files\c++ programs\sfml\projects\graph_toolkit\graph_toolkit\main.cpp(632): warning C4302: 'type cast': truncation from 'const TCHAR *' to 'TCHAR'
c:\users\arkad\documents\deadshot files\c++ programs\sfml\projects\graph_toolkit\graph_toolkit\main.cpp(640): warning C4302: 'type cast': truncation from 'const TCHAR *' to 'TCHAR'
c:\users\arkad\documents\deadshot files\c++ programs\sfml\projects\graph_toolkit\graph_toolkit\main.cpp(648): warning C4302: 'type cast': truncation from 'const TCHAR *' to 'TCHAR'
c:\users\arkad\documents\deadshot files\c++ programs\sfml\projects\graph_toolkit\graph_toolkit\main.cpp(707): warning C4302: 'type cast': truncation from 'const TCHAR *' to 'TCHAR'
c:\users\arkad\documents\deadshot files\c++ programs\sfml\projects\graph_toolkit\graph_toolkit\main.cpp(715): warning C4302: 'type cast': truncation from 'const TCHAR *' to 'TCHAR'
  Generating Code...
  LINK : C:\Users\arkad\Documents\DEADSHOT FILES\C++ Programs\SFML\Projects\Graph_ToolKit\Debug\Graph_ToolKit.exe not found or not built by the last incremental link; performing full link
  Graph_ToolKit.vcxproj -> C:\Users\arkad\Documents\DEADSHOT FILES\C++ Programs\SFML\Projects\Graph_ToolKit\Debug\Graph_ToolKit.exe
